Mock Version: 1.4.2
ENTER ['do'](['bash', '--login', '-c', '/usr/bin/rpmbuild -bs --target x86_64 --nodeps /builddir/build/SPECS/perl-Set-IntSpan.spec'], nspawn_args=[]shell=Falseuid=1000env={'LANG': 'C', 'TERM': 'vt100', 'SHELL': '/bin/bash', 'HOSTNAME': 'mock', 'PROMPT_COMMAND': 'printf "\\033]0;<mock-chroot>\\007"', 'HOME': '/builddir', 'PATH': '/usr/bin:/bin:/usr/sbin:/sbin', 'PS1': '<mock-chroot> \\s-\\v\\$ '}chrootPath='/var/lib/mock/epel-7-x86_64/root'gid=135user='mockbuild'timeout=0logger=<mockbuild.trace_decorator.getLog object at 0x16ae290>printOutput=False)
Executing command: ['/usr/bin/systemd-nspawn', '-q', '-M', '3b26752b7b804050a45ce0e25a2c3a5b', '-D', '/var/lib/mock/epel-7-x86_64/root', '--setenv=LANG=C', '--setenv=TERM=vt100', '--setenv=SHELL=/bin/bash', '--setenv=HOSTNAME=mock', '--setenv=PROMPT_COMMAND=printf "\\033]0;<mock-chroot>\\007"', '--setenv=HOME=/builddir', '--setenv=PATH=/usr/bin:/bin:/usr/sbin:/sbin', '--setenv=PS1=<mock-chroot> \\s-\\v\\$ ', '-u', 'mockbuild', 'bash', '--login', '-c', '/usr/bin/rpmbuild -bs --target x86_64 --nodeps /builddir/build/SPECS/perl-Set-IntSpan.spec'] with env {'LANG': 'C', 'TERM': 'vt100', 'SHELL': '/bin/bash', 'HOSTNAME': 'mock', 'PROMPT_COMMAND': 'printf "\\033]0;<mock-chroot>\\007"', 'HOME': '/builddir', 'PATH': '/usr/bin:/bin:/usr/sbin:/sbin', 'PS1': '<mock-chroot> \\s-\\v\\$ '} and shell False
Building target platforms: x86_64
Building for target x86_64
Wrote: /builddir/build/SRPMS/perl-Set-IntSpan-1.19-1.el7.centos.src.rpm
Child return code was: 0
ENTER ['do'](['bash', '--login', '-c', u'/usr/bin/rpmbuild -bb --target x86_64 --nodeps /builddir/build/SPECS/perl-Set-IntSpan.spec'], nspawn_args=['--private-network']shell=Falseuid=1000env={'LANG': 'C', 'TERM': 'vt100', 'SHELL': '/bin/bash', 'HOSTNAME': 'mock', 'PROMPT_COMMAND': 'printf "\\033]0;<mock-chroot>\\007"', 'HOME': '/builddir', 'PATH': '/usr/bin:/bin:/usr/sbin:/sbin', 'PS1': '<mock-chroot> \\s-\\v\\$ '}chrootPath='/var/lib/mock/epel-7-x86_64/root'gid=135user='mockbuild'timeout=0logger=<mockbuild.trace_decorator.getLog object at 0x16ae290>printOutput=False)
Executing command: ['/usr/bin/systemd-nspawn', '-q', '-M', 'fd992c9fc78b4ffc8a2d162a1f1a08e7', '-D', '/var/lib/mock/epel-7-x86_64/root', '--private-network', '--setenv=LANG=C', '--setenv=TERM=vt100', '--setenv=SHELL=/bin/bash', '--setenv=HOSTNAME=mock', '--setenv=PROMPT_COMMAND=printf "\\033]0;<mock-chroot>\\007"', '--setenv=HOME=/builddir', '--setenv=PATH=/usr/bin:/bin:/usr/sbin:/sbin', '--setenv=PS1=<mock-chroot> \\s-\\v\\$ ', '-u', 'mockbuild', 'bash', '--login', '-c', u'/usr/bin/rpmbuild -bb --target x86_64 --nodeps /builddir/build/SPECS/perl-Set-IntSpan.spec'] with env {'LANG': 'C', 'TERM': 'vt100', 'SHELL': '/bin/bash', 'HOSTNAME': 'mock', 'PROMPT_COMMAND': 'printf "\\033]0;<mock-chroot>\\007"', 'HOME': '/builddir', 'PATH': '/usr/bin:/bin:/usr/sbin:/sbin', 'PS1': '<mock-chroot> \\s-\\v\\$ '} and shell False
Building target platforms: x86_64
Building for target x86_64
Executing(%prep): /bin/sh -e /var/tmp/rpm-tmp.OO7b54
+ umask 022
+ cd /builddir/build/BUILD
+ cd /builddir/build/BUILD
+ rm -rf Set-IntSpan-1.19
+ /usr/bin/gzip -dc /builddir/build/SOURCES/Set-IntSpan-1.19.tar.gz
+ /usr/bin/tar -xf -
+ STATUS=0
+ '[' 0 -ne 0 ']'
+ cd Set-IntSpan-1.19
+ /usr/bin/chmod -Rf a+rX,u+w,g-w,o-w .
+ exit 0
Executing(%build): /bin/sh -e /var/tmp/rpm-tmp.jgjQKw
+ umask 022
+ cd /builddir/build/BUILD
+ cd Set-IntSpan-1.19
+ /usr/bin/perl Makefile.PL INSTALLDIRS=vendor
Checking if your kit is complete...
Looks good
Writing Makefile for Set::IntSpan
+ make
cp IntSpan.pm blib/lib/Set/IntSpan.pm
Manifying blib/man3/Set::IntSpan.3pm
+ exit 0
Executing(%install): /bin/sh -e /var/tmp/rpm-tmp.EMsV1Y
+ umask 022
+ cd /builddir/build/BUILD
+ '[' /builddir/build/BUILDROOT/perl-Set-IntSpan-1.19-1.el7.centos.x86_64 '!=' / ']'
+ rm -rf /builddir/build/BUILDROOT/perl-Set-IntSpan-1.19-1.el7.centos.x86_64
++ dirname /builddir/build/BUILDROOT/perl-Set-IntSpan-1.19-1.el7.centos.x86_64
+ mkdir -p /builddir/build/BUILDROOT
+ mkdir /builddir/build/BUILDROOT/perl-Set-IntSpan-1.19-1.el7.centos.x86_64
+ cd Set-IntSpan-1.19
+ rm -rf /builddir/build/BUILDROOT/perl-Set-IntSpan-1.19-1.el7.centos.x86_64
+ make pure_install PERL_INSTALL_ROOT=/builddir/build/BUILDROOT/perl-Set-IntSpan-1.19-1.el7.centos.x86_64
Manifying blib/man3/Set::IntSpan.3pm
Installing /builddir/build/BUILDROOT/perl-Set-IntSpan-1.19-1.el7.centos.x86_64/usr/share/perl5/vendor_perl/Set/IntSpan.pm
Installing /builddir/build/BUILDROOT/perl-Set-IntSpan-1.19-1.el7.centos.x86_64/usr/share/man/man3/Set::IntSpan.3pm
+ find /builddir/build/BUILDROOT/perl-Set-IntSpan-1.19-1.el7.centos.x86_64 -type f -name .packlist -exec rm -f '{}' ';'
+ find /builddir/build/BUILDROOT/perl-Set-IntSpan-1.19-1.el7.centos.x86_64 -depth -type d -exec rmdir '{}' ';'
+ /usr/bin/chmod -Rf a+rX,u+w,g-w,o-w /builddir/build/BUILDROOT/perl-Set-IntSpan-1.19-1.el7.centos.x86_64/usr
+ /usr/lib/rpm/find-debuginfo.sh --strict-build-id -m --run-dwz --dwz-low-mem-die-limit 10000000 --dwz-max-die-limit 110000000 /builddir/build/BUILD/Set-IntSpan-1.19
/usr/lib/rpm/sepdebugcrcfix: Updated 0 CRC32s, 0 CRC32s did match.
+ /usr/lib/rpm/check-buildroot
+ /usr/lib/rpm/redhat/brp-compress
+ /usr/lib/rpm/redhat/brp-strip-static-archive /usr/bin/strip
+ /usr/lib/rpm/brp-python-bytecompile /usr/bin/python 1
+ /usr/lib/rpm/redhat/brp-python-hardlink
+ /usr/lib/rpm/redhat/brp-java-repack-jars
Executing(%check): /bin/sh -e /var/tmp/rpm-tmp.Wte0Gr
+ umask 022
+ cd /builddir/build/BUILD
+ cd Set-IntSpan-1.19
+ make test
PERL_DL_NONLAZY=1 /usr/bin/perl "-MExtUtils::Command::MM" "-e" "test_harness(0, 'blib/lib', 'blib/arch')" t/*.t
t/binary.t .... ok
t/bsearch.t ... ok
t/cardinal.t .. ok
t/creation.t .. ok
t/error.t ..... ok
t/index.t ..... ok
t/island.t .... ok
t/iterator.t .. ok
t/member.t .... ok
t/no-int.t .... ok
t/ord.t ....... ok
t/overload.t .. ok
t/real_set.t .. ok
t/relation.t .. ok
t/set_spec.t .. ok
t/span_ord.t .. ok
t/spans.t ..... ok
t/subclass.t .. ok
t/unary.t ..... ok
t/use-int.t ... ok
All tests successful.
Files=20, Tests=1947,  0 wallclock secs ( 0.18 usr  0.01 sys +  0.31 cusr  0.05 csys =  0.55 CPU)
Result: PASS
+ exit 0
Processing files: perl-Set-IntSpan-1.19-1.el7.centos.noarch
Executing(%doc): /bin/sh -e /var/tmp/rpm-tmp.f8RIdV
+ umask 022
+ cd /builddir/build/BUILD
+ cd Set-IntSpan-1.19
+ DOCDIR=/builddir/build/BUILDROOT/perl-Set-IntSpan-1.19-1.el7.centos.x86_64/usr/share/doc/perl-Set-IntSpan-1.19
+ export DOCDIR
+ /usr/bin/mkdir -p /builddir/build/BUILDROOT/perl-Set-IntSpan-1.19-1.el7.centos.x86_64/usr/share/doc/perl-Set-IntSpan-1.19
+ cp -pr Changes /builddir/build/BUILDROOT/perl-Set-IntSpan-1.19-1.el7.centos.x86_64/usr/share/doc/perl-Set-IntSpan-1.19
+ cp -pr README /builddir/build/BUILDROOT/perl-Set-IntSpan-1.19-1.el7.centos.x86_64/usr/share/doc/perl-Set-IntSpan-1.19
+ exit 0
Provides: perl(Set::IntSpan) = 1.19 perl-Set-IntSpan = 1.19-1.el7.centos
Requires(rpmlib): rpmlib(CompressedFileNames) <= 3.0.4-1 rpmlib(FileDigests) <= 4.6.0-1 rpmlib(PayloadFilesHavePrefix) <= 4.0-1
Requires: perl >= 1:5 perl(Carp) perl(Exporter) perl(base) perl(constant) perl(if) perl(strict)
Checking for unpackaged file(s): /usr/lib/rpm/check-files /builddir/build/BUILDROOT/perl-Set-IntSpan-1.19-1.el7.centos.x86_64
Wrote: /builddir/build/RPMS/perl-Set-IntSpan-1.19-1.el7.centos.noarch.rpm
Executing(%clean): /bin/sh -e /var/tmp/rpm-tmp.NbOIpS
+ umask 022
+ cd /builddir/build/BUILD
+ cd Set-IntSpan-1.19
+ rm -rf /builddir/build/BUILDROOT/perl-Set-IntSpan-1.19-1.el7.centos.x86_64
+ exit 0
Child return code was: 0
